<?xml version="1.0" encoding="UTF-8"?>
<testng-results skipped="0" failed="0" total="2" passed="2">
  <reporter-output>
  </reporter-output>
  <suite name="test.SeleniumEasyTest" duration-ms="46656" started-at="2017-06-14T02:11:04Z" finished-at="2017-06-14T02:11:51Z">
    <groups>
    </groups>
    <test name="Command line test" duration-ms="46656" started-at="2017-06-14T02:11:04Z" finished-at="2017-06-14T02:11:51Z">
      <class name="test.SeleniumEasyTest">
        <test-method status="PASS" signature="initBrowser()[pri:0, instance:test.SeleniumEasyTest@246ae04d]" name="initBrowser" is-config="true" duration-ms="23352" started-at="2017-06-14T07:41:04Z" finished-at="2017-06-14T07:41:28Z">
          <reporter-output>
          </reporter-output>
        </test-method> <!-- initBrowser -->
        <test-method status="PASS" signature="testCalculation()[pri:0, instance:test.SeleniumEasyTest@246ae04d]" name="testCalculation" duration-ms="2735" started-at="2017-06-14T07:41:28Z" finished-at="2017-06-14T07:41:30Z">
          <reporter-output>
          </reporter-output>
        </test-method> <!-- testCalculation -->
        <test-method status="PASS" signature="closeBrowser()[pri:0, instance:test.SeleniumEasyTest@246ae04d]" name="closeBrowser" is-config="true" duration-ms="2793" started-at="2017-06-14T07:41:30Z" finished-at="2017-06-14T07:41:33Z">
          <reporter-output>
          </reporter-output>
        </test-method> <!-- closeBrowser -->
        <test-method status="PASS" signature="initBrowser()[pri:0, instance:test.SeleniumEasyTest@246ae04d]" name="initBrowser" is-config="true" duration-ms="14369" started-at="2017-06-14T07:41:33Z" finished-at="2017-06-14T07:41:47Z">
          <reporter-output>
          </reporter-output>
        </test-method> <!-- initBrowser -->
        <test-method status="PASS" signature="testMessage()[pri:0, instance:test.SeleniumEasyTest@246ae04d]" name="testMessage" duration-ms="1589" started-at="2017-06-14T07:41:47Z" finished-at="2017-06-14T07:41:49Z">
          <reporter-output>
          </reporter-output>
        </test-method> <!-- testMessage -->
        <test-method status="PASS" signature="closeBrowser()[pri:0, instance:test.SeleniumEasyTest@246ae04d]" name="closeBrowser" is-config="true" duration-ms="1764" started-at="2017-06-14T07:41:49Z" finished-at="2017-06-14T07:41:51Z">
          <reporter-output>
          </reporter-output>
        </test-method> <!-- closeBrowser -->
      </class> <!-- test.SeleniumEasyTest -->
    </test> <!-- Command line test -->
  </suite> <!-- test.SeleniumEasyTest -->
</testng-results>
