<?xml version="1.0" encoding="UTF-8"?>
<testng-results skipped="0" failed="0" total="2" passed="2">
  <reporter-output>
  </reporter-output>
  <suite name="Default suite" duration-ms="87336" started-at="2017-06-14T02:03:51Z" finished-at="2017-06-14T02:05:18Z">
    <groups>
    </groups>
    <test name="Default test" duration-ms="87336" started-at="2017-06-14T02:03:51Z" finished-at="2017-06-14T02:05:18Z">
      <class name="SeleniumEasyTests">
        <test-method status="PASS" signature="initBrowser()[pri:0, instance:SeleniumEasyTests@35bbe5e8]" name="initBrowser" is-config="true" duration-ms="60443" started-at="2017-06-14T07:33:51Z" finished-at="2017-06-14T07:34:51Z">
          <reporter-output>
          </reporter-output>
        </test-method> <!-- initBrowser -->
        <test-method status="PASS" signature="testCalculation()[pri:0, instance:SeleniumEasyTests@35bbe5e8]" name="testCalculation" duration-ms="1838" started-at="2017-06-14T07:34:51Z" finished-at="2017-06-14T07:34:53Z">
          <reporter-output>
          </reporter-output>
        </test-method> <!-- testCalculation -->
        <test-method status="PASS" signature="closeBrowser()[pri:0, instance:SeleniumEasyTests@35bbe5e8]" name="closeBrowser" is-config="true" duration-ms="5262" started-at="2017-06-14T07:34:53Z" finished-at="2017-06-14T07:34:59Z">
          <reporter-output>
          </reporter-output>
        </test-method> <!-- closeBrowser -->
        <test-method status="PASS" signature="initBrowser()[pri:0, instance:SeleniumEasyTests@35bbe5e8]" name="initBrowser" is-config="true" duration-ms="16775" started-at="2017-06-14T07:34:59Z" finished-at="2017-06-14T07:35:15Z">
          <reporter-output>
          </reporter-output>
        </test-method> <!-- initBrowser -->
        <test-method status="PASS" signature="testMessage()[pri:0, instance:SeleniumEasyTests@35bbe5e8]" name="testMessage" duration-ms="723" started-at="2017-06-14T07:35:15Z" finished-at="2017-06-14T07:35:16Z">
          <reporter-output>
          </reporter-output>
        </test-method> <!-- testMessage -->
        <test-method status="PASS" signature="closeBrowser()[pri:0, instance:SeleniumEasyTests@35bbe5e8]" name="closeBrowser" is-config="true" duration-ms="2113" started-at="2017-06-14T07:35:16Z" finished-at="2017-06-14T07:35:18Z">
          <reporter-output>
          </reporter-output>
        </test-method> <!-- closeBrowser -->
      </class> <!-- SeleniumEasyTests -->
    </test> <!-- Default test -->
  </suite> <!-- Default suite -->
</testng-results>
